Apr 27, 2024 5:07:07 PM metanode.app.socketHandler setClientSocket
INFO: Setting client socket: java.net.DatagramSocket@6dbb137d
Apr 27, 2024 5:07:08 PM metanode.app.Client main
INFO: Running command line interface
Apr 27, 2024 5:07:08 PM metanode.app.messageHandler sendMessage
INFO: Sending message: RN
Apr 27, 2024 5:07:08 PM metanode.app.socketHandler getClientSocket
INFO: Client socket: java.net.DatagramSocket@6dbb137d
Apr 27, 2024 5:07:08 PM metanode.app.messageHandler sendMessage
INFO: Should receive an AR
Apr 27, 2024 5:07:08 PM metanode.app.socketHandler getClientSocket
INFO: Client socket: java.net.DatagramSocket@6dbb137d
Apr 27, 2024 5:07:08 PM metanode.app.socketHandler getClientSocket
INFO: Client socket: java.net.DatagramSocket@6dbb137d
Apr 27, 2024 5:07:08 PM metanode.app.messageHandler receiveMessage
INFO: Received message: AR
Apr 27, 2024 5:07:08 PM metanode.app.socketHandler getClientSocket
INFO: Client socket: java.net.DatagramSocket@6dbb137d
Apr 27, 2024 5:07:09 PM metanode.app.messageHandler receiveMessage
INFO: Received message: AR
Apr 27, 2024 5:07:09 PM metanode.app.messageHandler sendMessage
INFO: Received message: AR
Apr 27, 2024 5:07:10 PM metanode.app.commandLine run
INFO: Runtime Exception: null
