Mar 28, 2024 3:13:32 AM klab.app.socketHandler setNodeSocket
INFO: Setting node socket: ServerSocket[addr=0.0.0.0/0.0.0.0,localport=4001]
Mar 28, 2024 3:13:32 AM klab.app.socketHandler setDownloadSocket
INFO: Setting download socket: ServerSocket[addr=0.0.0.0/0.0.0.0,localport=4000]
Mar 28, 2024 3:13:32 AM klab.app.connectionHandler lambda$listenForDownload$1
INFO: Uploading file: inside of listenForDownload
Mar 28, 2024 3:13:43 AM klab.app.ThreadFunctions lambda$handleIn$1
INFO: Waiting for message
Mar 28, 2024 3:13:43 AM klab.app.connectionHandler establishConnection
INFO: Connected to peer: /127.0.0.1:51138 Peer List Size: 1
Mar 28, 2024 3:13:46 AM klab.app.ThreadFunctions lambda$handleIn$1
INFO: Received message: Search: ID=B9922310E44271DD2EB08D7FCA58CC TTL=9 Routing=DEPTHFIRST Search=hog
Mar 28, 2024 3:13:46 AM klab.app.ThreadFunctions lambda$handleIn$1
INFO: Processing searchSearch: ID=B9922310E44271DD2EB08D7FCA58CC TTL=9 Routing=DEPTHFIRST Search=hog
Mar 28, 2024 3:13:46 AM klab.app.ThreadFunctions lambda$handleIn$1
INFO: Waiting for message
Mar 28, 2024 3:13:46 AM klab.app.ThreadFunctions lambda$handleSearch$2
INFO: Received search: Search: ID=B9922310E44271DD2EB08D7FCA58CC TTL=9 Routing=DEPTHFIRST Search=hog
Mar 28, 2024 3:13:46 AM klab.app.socketHandler getDownloadSocket
INFO: Download socket: ServerSocket[addr=0.0.0.0/0.0.0.0,localport=4000]
Mar 28, 2024 3:13:46 AM klab.app.ThreadFunctions lambda$handleSearch$2
INFO: Created response: Response: ID=B9922310E44271DD2EB08D7FCA58CC TTL=9 Routing=DEPTHFIRST Host=127.0.0.1:4000 [] to /127.0.0.1:51138 for search: hog
Mar 28, 2024 3:13:46 AM klab.app.FileSearch searchByName
INFO: Searching for: hog
Mar 28, 2024 3:13:46 AM klab.app.FileSearch searchByName
INFO: In directory: root
Mar 28, 2024 3:13:46 AM klab.app.ThreadFunctions lambda$handleSearch$2
INFO: Searching for files with search string: hog
Mar 28, 2024 3:13:46 AM klab.app.ThreadFunctions lambda$handleSearch$2
INFO: Sending response: Response: ID=B9922310E44271DD2EB08D7FCA58CC TTL=9 Routing=DEPTHFIRST Host=127.0.0.1:4000 [Result: FileID=4D15ADE6 FileSize=1 bytes FileName=hog] to /127.0.0.1:51138 for search: hog
Mar 28, 2024 3:13:46 AM klab.app.ThreadFunctions lambda$handleSearch$2
INFO: Sending response: Response: ID=B9922310E44271DD2EB08D7FCA58CC TTL=9 Routing=DEPTHFIRST Host=127.0.0.1:4000 [Result: FileID=4D15ADE6 FileSize=1 bytes FileName=hog] to /127.0.0.1:51138 for search: hog
Mar 28, 2024 3:14:13 AM klab.app.connectionHandler lambda$listenForDownload$1
INFO: Download Connection accepted/127.0.0.1:51145
Mar 28, 2024 3:14:13 AM klab.app.connectionHandler lambda$listenForDownload$1
INFO: Downloading file: 4D15ADE6
Mar 28, 2024 3:14:13 AM klab.app.connectionHandler lambda$listenForDownload$1
INFO: Uploading file: inside of listenForDownload before thread
Mar 28, 2024 3:14:13 AM klab.app.connectionHandler lambda$listenForDownload$1
INFO: Uploading file: inside of listenForDownload after thread
Mar 28, 2024 3:14:13 AM klab.app.connectionHandler lambda$listenForDownload$1
INFO: Uploading file: inside of listenForDownload
Mar 28, 2024 3:14:13 AM klab.app.DownloadService lambda$upload$1
INFO: Downloading file: inside upload
Mar 28, 2024 3:14:13 AM klab.app.DownloadService setFileIDToNameList
INFO: File ID: 28C03034 File Name: doggy
Mar 28, 2024 3:14:13 AM klab.app.DownloadService setFileIDToNameList
INFO: File ID: 4D15ADE6 File Name: hog
Mar 28, 2024 3:14:13 AM klab.app.DownloadService setFileIDToNameList
INFO: File ID: 53F8726B File Name: ogle
Mar 28, 2024 3:14:13 AM klab.app.DownloadService setFileIDToNameList
INFO: File ID: 4D156C01 File Name: yyy
Mar 28, 2024 3:14:13 AM klab.app.DownloadService lambda$upload$1
INFO: Downloading file with filename: hog
Mar 28, 2024 3:14:13 AM klab.app.FileSearch searchByName
INFO: Searching for: hog
Mar 28, 2024 3:14:13 AM klab.app.FileSearch searchByName
INFO: In directory: root
Mar 28, 2024 3:14:13 AM klab.app.DownloadService lambda$upload$1
INFO: uploading file: C:\Users\david\Downloads\studentroot\root\hog
Mar 28, 2024 3:14:13 AM klab.app.DownloadService lambda$upload$1
INFO: Finished uploading file
Mar 28, 2024 3:16:50 AM klab.app.connectionHandler lambda$listenForDownload$1
INFO: Download Connection accepted/127.0.0.1:51170
Mar 28, 2024 3:16:50 AM klab.app.connectionHandler lambda$listenForDownload$1
INFO: Downloading file: 4D15ADE6
Mar 28, 2024 3:16:50 AM klab.app.connectionHandler lambda$listenForDownload$1
INFO: Uploading file: inside of listenForDownload before thread
Mar 28, 2024 3:16:50 AM klab.app.connectionHandler lambda$listenForDownload$1
INFO: Uploading file: inside of listenForDownload after thread
Mar 28, 2024 3:16:50 AM klab.app.connectionHandler lambda$listenForDownload$1
INFO: Uploading file: inside of listenForDownload
Mar 28, 2024 3:16:50 AM klab.app.DownloadService lambda$upload$1
INFO: Downloading file: inside upload
Mar 28, 2024 3:16:50 AM klab.app.DownloadService setFileIDToNameList
INFO: File ID: 28C03034 File Name: doggy
Mar 28, 2024 3:16:50 AM klab.app.DownloadService setFileIDToNameList
INFO: File ID: 4D15ADE6 File Name: hog
Mar 28, 2024 3:16:50 AM klab.app.DownloadService setFileIDToNameList
INFO: File ID: 53F8726B File Name: ogle
Mar 28, 2024 3:16:50 AM klab.app.DownloadService setFileIDToNameList
INFO: File ID: 4D156C01 File Name: yyy
Mar 28, 2024 3:16:50 AM klab.app.DownloadService lambda$upload$1
INFO: Downloading file with filename: hog
Mar 28, 2024 3:16:50 AM klab.app.FileSearch searchByName
INFO: Searching for: hog
Mar 28, 2024 3:16:50 AM klab.app.FileSearch searchByName
INFO: In directory: root
Mar 28, 2024 3:16:50 AM klab.app.DownloadService lambda$upload$1
INFO: uploading file: C:\Users\david\Downloads\studentroot\root\hog
Mar 28, 2024 3:16:50 AM klab.app.DownloadService lambda$upload$1
INFO: Finished uploading file
Mar 28, 2024 3:17:12 AM klab.app.connectionHandler lambda$listenForDownload$1
INFO: Download Connection accepted/127.0.0.1:51178
Mar 28, 2024 3:17:12 AM klab.app.connectionHandler lambda$listenForDownload$1
INFO: Downloading file: 4D15ADE6
Mar 28, 2024 3:17:12 AM klab.app.connectionHandler lambda$listenForDownload$1
INFO: Uploading file: inside of listenForDownload before thread
Mar 28, 2024 3:17:12 AM klab.app.connectionHandler lambda$listenForDownload$1
INFO: Uploading file: inside of listenForDownload after thread
Mar 28, 2024 3:17:12 AM klab.app.connectionHandler lambda$listenForDownload$1
INFO: Uploading file: inside of listenForDownload
Mar 28, 2024 3:17:12 AM klab.app.DownloadService lambda$upload$1
INFO: Downloading file: inside upload
Mar 28, 2024 3:17:12 AM klab.app.DownloadService setFileIDToNameList
INFO: File ID: 28C03034 File Name: doggy
Mar 28, 2024 3:17:12 AM klab.app.DownloadService setFileIDToNameList
INFO: File ID: 4D15ADE6 File Name: hog
Mar 28, 2024 3:17:12 AM klab.app.DownloadService setFileIDToNameList
INFO: File ID: 53F8726B File Name: ogle
Mar 28, 2024 3:17:12 AM klab.app.DownloadService setFileIDToNameList
INFO: File ID: 4D156C01 File Name: yyy
Mar 28, 2024 3:17:12 AM klab.app.DownloadService lambda$upload$1
INFO: Downloading file with filename: hog
Mar 28, 2024 3:17:12 AM klab.app.FileSearch searchByName
INFO: Searching for: hog
Mar 28, 2024 3:17:12 AM klab.app.FileSearch searchByName
INFO: In directory: root
Mar 28, 2024 3:17:12 AM klab.app.DownloadService lambda$upload$1
INFO: uploading file: C:\Users\david\Downloads\studentroot\root\hog
Mar 28, 2024 3:17:12 AM klab.app.DownloadService lambda$upload$1
INFO: Finished uploading file
Mar 28, 2024 3:17:31 AM klab.app.ThreadFunctions lambda$handleIn$1
INFO: Disconnected from neighbor MessageInput is null or too short
